<?xml version="1.0" encoding="UTF-8"?>
<!-- Generated by org.testng.reporters.JUnitXMLReporter -->
<testsuite ignored="0" hostname="DESKTOP-PGJIAOP" failures="4" tests="12" name="ChromeTest" time="194.819" errors="0" timestamp="2024-01-20T15:32:15 IST">
  <testcase classname="automation.test.TestCase1" name="enteringCredentials" time="12.596"/>
  <testcase classname="automation.test.TestCase1" name="enteringCredentials" time="12.171"/>
  <testcase classname="automation.test.TestCase1" name="enteringCredentials" time="6.991"/>
  <testcase classname="automation.test.TestCase1" name="enteringCredentials" time="6.796"/>
  <testcase classname="automation.test.TestCase1" name="notEnteringCredentials" time="11.918">
    <skipped/>
  </testcase> <!-- notEnteringCredentials -->
  <testcase classname="automation.test.TestCase1" name="notEnteringCredentials" time="15.298">
    <failure type="java.lang.AssertionError" message="Element not found expected [true] but found [false]">
      <![CDATA[java.lang.AssertionError: Element not found expected [true] but found [false]
at pageEvents.LoginPageEvents.verfiyIfLoginPageNotLoaded(LoginPageEvents.java:14)
at automation.test.TestCase1.notEnteringCredentials(TestCase1.java:40)
at java.base/java.util.concurrent.ThreadPoolExecutor.runWorker(ThreadPoolExecutor.java:1136)
at java.base/java.util.concurrent.ThreadPoolExecutor$Worker.run(ThreadPoolExecutor.java:635)
at java.base/java.lang.Thread.run(Thread.java:840)
... Removed 15 stack frames]]>
    </failure>
  </testcase> <!-- notEnteringCredentials -->
  <testcase classname="automation.test.TestCase1" name="notEnteringCredentials" time="6.761">
    <skipped/>
  </testcase> <!-- notEnteringCredentials -->
  <testcase classname="automation.test.TestCase1" name="notEnteringCredentials" time="6.919">
    <failure type="java.lang.AssertionError" message="Element not found expected [true] but found [false]">
      <![CDATA[java.lang.AssertionError: Element not found expected [true] but found [false]
at pageEvents.LoginPageEvents.verfiyIfLoginPageNotLoaded(LoginPageEvents.java:14)
at automation.test.TestCase1.notEnteringCredentials(TestCase1.java:40)
at java.base/java.util.concurrent.ThreadPoolExecutor.runWorker(ThreadPoolExecutor.java:1136)
at java.base/java.util.concurrent.ThreadPoolExecutor$Worker.run(ThreadPoolExecutor.java:635)
at java.base/java.lang.Thread.run(Thread.java:840)
... Removed 15 stack frames]]>
    </failure>
  </testcase> <!-- notEnteringCredentials -->
  <testcase classname="automation.test.TestCase1" name="notEnteringCredentials" time="6.394">
    <skipped/>
  </testcase> <!-- notEnteringCredentials -->
  <testcase classname="automation.test.TestCase1" name="notEnteringCredentials" time="11.989">
    <failure type="java.lang.AssertionError" message="Element not found expected [true] but found [false]">
      <![CDATA[java.lang.AssertionError: Element not found expected [true] but found [false]
at pageEvents.LoginPageEvents.verfiyIfLoginPageNotLoaded(LoginPageEvents.java:14)
at automation.test.TestCase1.notEnteringCredentials(TestCase1.java:40)
at java.base/java.util.concurrent.ThreadPoolExecutor.runWorker(ThreadPoolExecutor.java:1136)
at java.base/java.util.concurrent.ThreadPoolExecutor$Worker.run(ThreadPoolExecutor.java:635)
at java.base/java.lang.Thread.run(Thread.java:840)
... Removed 15 stack frames]]>
    </failure>
  </testcase> <!-- notEnteringCredentials -->
  <testcase classname="automation.test.TestCase1" name="notEnteringCredentials" time="6.608">
    <skipped/>
  </testcase> <!-- notEnteringCredentials -->
  <testcase classname="automation.test.TestCase1" name="notEnteringCredentials" time="8.048">
    <failure type="java.lang.AssertionError" message="Element not found expected [true] but found [false]">
      <![CDATA[java.lang.AssertionError: Element not found expected [true] but found [false]
at pageEvents.LoginPageEvents.verfiyIfLoginPageNotLoaded(LoginPageEvents.java:14)
at automation.test.TestCase1.notEnteringCredentials(TestCase1.java:40)
at java.base/java.util.concurrent.ThreadPoolExecutor.runWorker(ThreadPoolExecutor.java:1136)
at java.base/java.util.concurrent.ThreadPoolExecutor$Worker.run(ThreadPoolExecutor.java:635)
at java.base/java.lang.Thread.run(Thread.java:840)
... Removed 15 stack frames]]>
    </failure>
  </testcase> <!-- notEnteringCredentials -->
</testsuite> <!-- ChromeTest -->
