<?xml version="1.0" encoding="UTF-8"?>
<!-- Generated by org.testng.reporters.JUnitXMLReporter -->
<testsuite ignored="0" hostname="DESKTOP-PGJIAOP" failures="4" tests="12" name="EdgeTest" time="203.753" errors="0" timestamp="2024-01-20T15:35:39 IST">
  <testcase classname="automation.test.TestCase1" name="enteringCredentials" time="7.046"/>
  <testcase classname="automation.test.TestCase1" name="enteringCredentials" time="7.618"/>
  <testcase classname="automation.test.TestCase1" name="enteringCredentials" time="6.909"/>
  <testcase classname="automation.test.TestCase1" name="enteringCredentials" time="7.247"/>
  <testcase classname="automation.test.TestCase1" name="notEnteringCredentials" time="7.14">
    <skipped/>
  </testcase> <!-- notEnteringCredentials -->
  <testcase classname="automation.test.TestCase1" name="notEnteringCredentials" time="6.724">
    <failure type="java.lang.AssertionError" message="Element not found expected [true] but found [false]">
      <![CDATA[java.lang.AssertionError: Element not found expected [true] but found [false]
at pageEvents.LoginPageEvents.verfiyIfLoginPageNotLoaded(LoginPageEvents.java:14)
at automation.test.TestCase1.notEnteringCredentials(TestCase1.java:40)
at java.base/java.util.concurrent.ThreadPoolExecutor.runWorker(ThreadPoolExecutor.java:1136)
at java.base/java.util.concurrent.ThreadPoolExecutor$Worker.run(ThreadPoolExecutor.java:635)
at java.base/java.lang.Thread.run(Thread.java:840)
... Removed 15 stack frames]]>
    </failure>
  </testcase> <!-- notEnteringCredentials -->
  <testcase classname="automation.test.TestCase1" name="notEnteringCredentials" time="5.686">
    <skipped/>
  </testcase> <!-- notEnteringCredentials -->
  <testcase classname="automation.test.TestCase1" name="notEnteringCredentials" time="8.473">
    <failure type="java.lang.AssertionError" message="Element not found expected [true] but found [false]">
      <![CDATA[java.lang.AssertionError: Element not found expected [true] but found [false]
at pageEvents.LoginPageEvents.verfiyIfLoginPageNotLoaded(LoginPageEvents.java:14)
at automation.test.TestCase1.notEnteringCredentials(TestCase1.java:40)
at java.base/java.util.concurrent.ThreadPoolExecutor.runWorker(ThreadPoolExecutor.java:1136)
at java.base/java.util.concurrent.ThreadPoolExecutor$Worker.run(ThreadPoolExecutor.java:635)
at java.base/java.lang.Thread.run(Thread.java:840)
... Removed 15 stack frames]]>
    </failure>
  </testcase> <!-- notEnteringCredentials -->
  <testcase classname="automation.test.TestCase1" name="notEnteringCredentials" time="6.337">
    <skipped/>
  </testcase> <!-- notEnteringCredentials -->
  <testcase classname="automation.test.TestCase1" name="notEnteringCredentials" time="6.715">
    <failure type="java.lang.AssertionError" message="Element not found expected [true] but found [false]">
      <![CDATA[java.lang.AssertionError: Element not found expected [true] but found [false]
at pageEvents.LoginPageEvents.verfiyIfLoginPageNotLoaded(LoginPageEvents.java:14)
at automation.test.TestCase1.notEnteringCredentials(TestCase1.java:40)
at java.base/java.util.concurrent.ThreadPoolExecutor.runWorker(ThreadPoolExecutor.java:1136)
at java.base/java.util.concurrent.ThreadPoolExecutor$Worker.run(ThreadPoolExecutor.java:635)
at java.base/java.lang.Thread.run(Thread.java:840)
... Removed 15 stack frames]]>
    </failure>
  </testcase> <!-- notEnteringCredentials -->
  <testcase classname="automation.test.TestCase1" name="notEnteringCredentials" time="7.386">
    <skipped/>
  </testcase> <!-- notEnteringCredentials -->
  <testcase classname="automation.test.TestCase1" name="notEnteringCredentials" time="7.514">
    <failure type="java.lang.AssertionError" message="Element not found expected [true] but found [false]">
      <![CDATA[java.lang.AssertionError: Element not found expected [true] but found [false]
at pageEvents.LoginPageEvents.verfiyIfLoginPageNotLoaded(LoginPageEvents.java:14)
at automation.test.TestCase1.notEnteringCredentials(TestCase1.java:40)
at java.base/java.util.concurrent.ThreadPoolExecutor.runWorker(ThreadPoolExecutor.java:1136)
at java.base/java.util.concurrent.ThreadPoolExecutor$Worker.run(ThreadPoolExecutor.java:635)
at java.base/java.lang.Thread.run(Thread.java:840)
... Removed 15 stack frames]]>
    </failure>
  </testcase> <!-- notEnteringCredentials -->
</testsuite> <!-- EdgeTest -->
