<?xml version="1.0" encoding="UTF-8"?>
<!-- Generated by org.testng.reporters.JUnitXMLReporter -->
<testsuite ignored="0" hostname="MOHAN" failures="1" tests="3" name="Test" time="54.372" errors="0" timestamp="2024-01-18T21:27:25 IST">
  <testcase classname="automation.test.TestCase1" name="enteringCredentials" time="5.594"/>
  <testcase classname="automation.test.TestCase1" name="notEnteringCredentials" time="22.94">
    <skipped/>
  </testcase> <!-- notEnteringCredentials -->
  <testcase classname="automation.test.TestCase1" name="notEnteringCredentials" time="4.412">
    <failure type="java.lang.AssertionError" message="Element not found expected [true] but found [false]">
      <![CDATA[java.lang.AssertionError: Element not found expected [true] but found [false]
at pageEvents.LoginPageEvents.verfiyIfLoginPageNotLoaded(LoginPageEvents.java:14)
at automation.test.TestCase1.notEnteringCredentials(TestCase1.java:31)
at java.base/java.util.ArrayList.forEach(ArrayList.java:1596)
... Removed 28 stack frames]]>
    </failure>
  </testcase> <!-- notEnteringCredentials -->
</testsuite> <!-- Test -->
